app/build/intermediates/manifest_merge_blame_file/release/manifest-merger-blame-release-report.txt
1<?xml version="1.0" encoding="utf-8"?>
2<!--
3  ~ /**
4  ~  * Created by Rafsan Ahmad on 10/5/21, 1:08 PM
5  ~  * Copyright (c) 2021 . All rights reserved.
6  ~  */
7-->
8<manifest xmlns:android="http://schemas.android.com/apk/res/android"
9    package="org.tensorflow.lite.examples.digitclassifier"
10    android:versionCode="1"
11    android:versionName="1.0" >
12
13    <uses-sdk
13-->src/main/AndroidManifest.xml:12:5-17
14        android:minSdkVersion="21"
14-->src/main/AndroidManifest.xml:12:5-17
15        android:targetSdkVersion="30" />
15-->src/main/AndroidManifest.xml:12:5-17
16
17    <uses-permission android:name="android.permission.INTERNET" />
17-->src/main/AndroidManifest.xml:13:5-67
17-->src/main/AndroidManifest.xml:13:22-64
18    <uses-permission android:name="android.permission.ACCESS_NETWORK_STATE" />
18-->[com.google.firebase:firebase-config:21.0.1] AndroidManifest.xml:25:5-79
18-->[com.google.firebase:firebase-config:21.0.1] AndroidManifest.xml:25:22-76
19    <uses-permission android:name="android.permission.WAKE_LOCK" />
19-->[com.google.android.gms:play-services-measurement-api:19.0.1] AndroidManifest.xml:24:5-68
19-->[com.google.android.gms:play-services-measurement-api:19.0.1] AndroidManifest.xml:24:22-65
20    <uses-permission android:name="com.google.android.finsky.permission.BIND_GET_INSTALL_REFERRER_SERVICE" />
20-->[com.google.android.gms:play-services-measurement:19.0.1] AndroidManifest.xml:26:5-110
20-->[com.google.android.gms:play-services-measurement:19.0.1] AndroidManifest.xml:26:22-107
21
22    <application
22-->src/main/AndroidManifest.xml:15:5-36:19
23        android:allowBackup="true"
23-->src/main/AndroidManifest.xml:16:9-35
24        android:appComponentFactory="androidx.core.app.CoreComponentFactory"
24-->[androidx.core:core:1.3.0] AndroidManifest.xml:24:18-86
25        android:icon="@mipmap/ic_launcher"
25-->src/main/AndroidManifest.xml:17:9-43
26        android:label="@string/tfe_dc_app_name"
26-->src/main/AndroidManifest.xml:18:9-48
27        android:roundIcon="@mipmap/ic_launcher_round"
27-->src/main/AndroidManifest.xml:19:9-54
28        android:supportsRtl="true"
28-->src/main/AndroidManifest.xml:20:9-35
29        android:theme="@style/AppTheme.DigitClassifier" >
29-->src/main/AndroidManifest.xml:21:9-56
30        <activity
30-->src/main/AndroidManifest.xml:24:9-31:20
31            android:name="org.tensorflow.lite.examples.digitclassifier.MainActivity"
31-->src/main/AndroidManifest.xml:25:13-41
32            android:exported="true" >
32-->src/main/AndroidManifest.xml:26:13-36
33            <intent-filter>
33-->src/main/AndroidManifest.xml:27:13-30:29
34                <action android:name="android.intent.action.MAIN" />
34-->src/main/AndroidManifest.xml:28:17-69
34-->src/main/AndroidManifest.xml:28:25-66
35
36                <category android:name="android.intent.category.LAUNCHER" />
36-->src/main/AndroidManifest.xml:29:17-77
36-->src/main/AndroidManifest.xml:29:27-74
37            </intent-filter>
38        </activity>
39
40        <meta-data
40-->src/main/AndroidManifest.xml:33:9-35:36
41            android:name="firebase_performance_logcat_enabled"
41-->src/main/AndroidManifest.xml:34:13-63
42            android:value="true" />
42-->src/main/AndroidManifest.xml:35:13-33
43
44        <service
44-->[com.google.firebase:firebase-analytics-ktx:19.0.1] AndroidManifest.xml:8:9-14:19
45            android:name="com.google.firebase.components.ComponentDiscoveryService"
45-->[com.google.firebase:firebase-analytics-ktx:19.0.1] AndroidManifest.xml:9:13-84
46            android:directBootAware="true"
46-->[com.google.firebase:firebase-common:20.0.0] AndroidManifest.xml:35:13-43
47            android:exported="false" >
47-->[com.google.firebase:firebase-analytics-ktx:19.0.1] AndroidManifest.xml:10:13-37
48            <meta-data
48-->[com.google.firebase:firebase-analytics-ktx:19.0.1] AndroidManifest.xml:11:13-13:85
49                android:name="com.google.firebase.components:com.google.firebase.analytics.ktx.FirebaseAnalyticsKtxRegistrar"
49-->[com.google.firebase:firebase-analytics-ktx:19.0.1] AndroidManifest.xml:12:17-126
50                android:value="com.google.firebase.components.ComponentRegistrar" />
50-->[com.google.firebase:firebase-analytics-ktx:19.0.1] AndroidManifest.xml:13:17-82
51            <meta-data
51-->[com.google.firebase:firebase-common-ktx:20.0.0] AndroidManifest.xml:15:13-17:85
52                android:name="com.google.firebase.components:com.google.firebase.ktx.FirebaseCommonKtxRegistrar"
52-->[com.google.firebase:firebase-common-ktx:20.0.0] AndroidManifest.xml:16:17-113
53                android:value="com.google.firebase.components.ComponentRegistrar" />
53-->[com.google.firebase:firebase-common-ktx:20.0.0] AndroidManifest.xml:17:17-82
54            <meta-data
54-->[com.google.firebase:firebase-perf:20.0.2] AndroidManifest.xml:23:13-25:85
55                android:name="com.google.firebase.components:com.google.firebase.perf.FirebasePerfRegistrar"
55-->[com.google.firebase:firebase-perf:20.0.2] AndroidManifest.xml:24:17-109
56                android:value="com.google.firebase.components.ComponentRegistrar" />
56-->[com.google.firebase:firebase-perf:20.0.2] AndroidManifest.xml:25:17-82
57            <meta-data
57-->[com.google.firebase:firebase-ml-modeldownloader:24.0.0] AndroidManifest.xml:29:13-31:85
58                android:name="com.google.firebase.components:com.google.firebase.ml.modeldownloader.FirebaseModelDownloaderRegistrar"
58-->[com.google.firebase:firebase-ml-modeldownloader:24.0.0] AndroidManifest.xml:30:17-134
59                android:value="com.google.firebase.components.ComponentRegistrar" />
59-->[com.google.firebase:firebase-ml-modeldownloader:24.0.0] AndroidManifest.xml:31:17-82
60            <meta-data
60-->[com.google.firebase:firebase-config:21.0.1] AndroidManifest.xml:32:13-34:85
61                android:name="com.google.firebase.components:com.google.firebase.remoteconfig.RemoteConfigRegistrar"
61-->[com.google.firebase:firebase-config:21.0.1] AndroidManifest.xml:33:17-117
62                android:value="com.google.firebase.components.ComponentRegistrar" />
62-->[com.google.firebase:firebase-config:21.0.1] AndroidManifest.xml:34:17-82
63            <meta-data
63-->[com.google.android.gms:play-services-measurement-api:19.0.1] AndroidManifest.xml:30:13-32:85
64                android:name="com.google.firebase.components:com.google.firebase.analytics.connector.internal.AnalyticsConnectorRegistrar"
64-->[com.google.android.gms:play-services-measurement-api:19.0.1] AndroidManifest.xml:31:17-139
65                android:value="com.google.firebase.components.ComponentRegistrar" />
65-->[com.google.android.gms:play-services-measurement-api:19.0.1] AndroidManifest.xml:32:17-82
66            <meta-data
66-->[com.google.firebase:firebase-installations:17.0.0] AndroidManifest.xml:18:13-20:85
67                android:name="com.google.firebase.components:com.google.firebase.installations.FirebaseInstallationsRegistrar"
67-->[com.google.firebase:firebase-installations:17.0.0] AndroidManifest.xml:19:17-127
68                android:value="com.google.firebase.components.ComponentRegistrar" />
68-->[com.google.firebase:firebase-installations:17.0.0] AndroidManifest.xml:20:17-82
69            <meta-data
69-->[com.google.firebase:firebase-datatransport:18.0.0] AndroidManifest.xml:28:13-30:85
70                android:name="com.google.firebase.components:com.google.firebase.datatransport.TransportRegistrar"
70-->[com.google.firebase:firebase-datatransport:18.0.0] AndroidManifest.xml:29:17-115
71                android:value="com.google.firebase.components.ComponentRegistrar" />
71-->[com.google.firebase:firebase-datatransport:18.0.0] AndroidManifest.xml:30:17-82
72            <meta-data
72-->[com.google.firebase:firebase-abt:21.0.0] AndroidManifest.xml:13:13-15:85
73                android:name="com.google.firebase.components:com.google.firebase.abt.component.AbtRegistrar"
73-->[com.google.firebase:firebase-abt:21.0.0] AndroidManifest.xml:14:17-109
74                android:value="com.google.firebase.components.ComponentRegistrar" />
74-->[com.google.firebase:firebase-abt:21.0.0] AndroidManifest.xml:15:17-82
75        </service>
76
77        <activity
77-->[com.github.divyanshub024:AndroidDraw:v0.1] AndroidManifest.xml:12:9-14:66
78            android:name="com.divyanshu.draw.activity.DrawingActivity"
78-->[com.github.divyanshub024:AndroidDraw:v0.1] AndroidManifest.xml:13:13-71
79            android:theme="@style/Theme.AppCompat.NoActionBar" />
79-->[com.github.divyanshub024:AndroidDraw:v0.1] AndroidManifest.xml:14:13-63
80
81        <provider
81-->[com.google.firebase:firebase-perf:20.0.2] AndroidManifest.xml:14:9-18:39
82            android:name="com.google.firebase.perf.provider.FirebasePerfProvider"
82-->[com.google.firebase:firebase-perf:20.0.2] AndroidManifest.xml:15:13-82
83            android:authorities="org.tensorflow.lite.examples.digitclassifier.firebaseperfprovider"
83-->[com.google.firebase:firebase-perf:20.0.2] AndroidManifest.xml:16:13-72
84            android:exported="false"
84-->[com.google.firebase:firebase-perf:20.0.2] AndroidManifest.xml:17:13-37
85            android:initOrder="101" />
85-->[com.google.firebase:firebase-perf:20.0.2] AndroidManifest.xml:18:13-36
86        <provider
86-->[com.google.firebase:firebase-common:20.0.0] AndroidManifest.xml:26:9-31:39
87            android:name="com.google.firebase.provider.FirebaseInitProvider"
87-->[com.google.firebase:firebase-common:20.0.0] AndroidManifest.xml:27:13-77
88            android:authorities="org.tensorflow.lite.examples.digitclassifier.firebaseinitprovider"
88-->[com.google.firebase:firebase-common:20.0.0] AndroidManifest.xml:28:13-72
89            android:directBootAware="true"
89-->[com.google.firebase:firebase-common:20.0.0] AndroidManifest.xml:29:13-43
90            android:exported="false"
90-->[com.google.firebase:firebase-common:20.0.0] AndroidManifest.xml:30:13-37
91            android:initOrder="100" />
91-->[com.google.firebase:firebase-common:20.0.0] AndroidManifest.xml:31:13-36
92
93        <service
93-->[com.google.android.datatransport:transport-backend-cct:3.0.0] AndroidManifest.xml:29:9-35:19
94            android:name="com.google.android.datatransport.runtime.backends.TransportBackendDiscovery"
94-->[com.google.android.datatransport:transport-backend-cct:3.0.0] AndroidManifest.xml:30:13-103
95            android:exported="false" >
95-->[com.google.android.datatransport:transport-backend-cct:3.0.0] AndroidManifest.xml:31:13-37
96            <meta-data
96-->[com.google.android.datatransport:transport-backend-cct:3.0.0] AndroidManifest.xml:32:13-34:39
97                android:name="backend:com.google.android.datatransport.cct.CctBackendFactory"
97-->[com.google.android.datatransport:transport-backend-cct:3.0.0] AndroidManifest.xml:33:17-94
98                android:value="cct" />
98-->[com.google.android.datatransport:transport-backend-cct:3.0.0] AndroidManifest.xml:34:17-36
99        </service>
100        <service
100-->[com.google.android.datatransport:transport-runtime:3.0.0] AndroidManifest.xml:26:9-30:19
101            android:name="com.google.android.datatransport.runtime.scheduling.jobscheduling.JobInfoSchedulerService"
101-->[com.google.android.datatransport:transport-runtime:3.0.0] AndroidManifest.xml:27:13-117
102            android:exported="false"
102-->[com.google.android.datatransport:transport-runtime:3.0.0] AndroidManifest.xml:28:13-37
103            android:permission="android.permission.BIND_JOB_SERVICE" >
103-->[com.google.android.datatransport:transport-runtime:3.0.0] AndroidManifest.xml:29:13-69
104        </service>
105
106        <receiver
106-->[com.google.android.datatransport:transport-runtime:3.0.0] AndroidManifest.xml:32:9-34:40
107            android:name="com.google.android.datatransport.runtime.scheduling.jobscheduling.AlarmManagerSchedulerBroadcastReceiver"
107-->[com.google.android.datatransport:transport-runtime:3.0.0] AndroidManifest.xml:33:13-132
108            android:exported="false" />
108-->[com.google.android.datatransport:transport-runtime:3.0.0] AndroidManifest.xml:34:13-37
109        <receiver
109-->[com.google.android.gms:play-services-measurement:19.0.1] AndroidManifest.xml:29:9-33:20
110            android:name="com.google.android.gms.measurement.AppMeasurementReceiver"
110-->[com.google.android.gms:play-services-measurement:19.0.1] AndroidManifest.xml:30:13-85
111            android:enabled="true"
111-->[com.google.android.gms:play-services-measurement:19.0.1] AndroidManifest.xml:31:13-35
112            android:exported="false" >
112-->[com.google.android.gms:play-services-measurement:19.0.1] AndroidManifest.xml:32:13-37
113        </receiver>
114
115        <service
115-->[com.google.android.gms:play-services-measurement:19.0.1] AndroidManifest.xml:35:9-38:40
116            android:name="com.google.android.gms.measurement.AppMeasurementService"
116-->[com.google.android.gms:play-services-measurement:19.0.1] AndroidManifest.xml:36:13-84
117            android:enabled="true"
117-->[com.google.android.gms:play-services-measurement:19.0.1] AndroidManifest.xml:37:13-35
118            android:exported="false" />
118-->[com.google.android.gms:play-services-measurement:19.0.1] AndroidManifest.xml:38:13-37
119        <service
119-->[com.google.android.gms:play-services-measurement:19.0.1] AndroidManifest.xml:39:9-43:72
120            android:name="com.google.android.gms.measurement.AppMeasurementJobService"
120-->[com.google.android.gms:play-services-measurement:19.0.1] AndroidManifest.xml:40:13-87
121            android:enabled="true"
121-->[com.google.android.gms:play-services-measurement:19.0.1] AndroidManifest.xml:41:13-35
122            android:exported="false"
122-->[com.google.android.gms:play-services-measurement:19.0.1] AndroidManifest.xml:42:13-37
123            android:permission="android.permission.BIND_JOB_SERVICE" />
123-->[com.google.android.gms:play-services-measurement:19.0.1] AndroidManifest.xml:43:13-69
124
125        <meta-data
125-->[com.google.android.gms:play-services-basement:17.4.0] AndroidManifest.xml:23:9-25:69
126            android:name="com.google.android.gms.version"
126-->[com.google.android.gms:play-services-basement:17.4.0] AndroidManifest.xml:24:13-58
127            android:value="@integer/google_play_services_version" />
127-->[com.google.android.gms:play-services-basement:17.4.0] AndroidManifest.xml:25:13-66
128    </application>
129
130</manifest>